{"target": -7.135455292718879, "params": {"x": 2.8340440094051482, "y": 1.3219469606529488}, "datetime": {"datetime": "2022-02-09 12:55:55", "elapsed": 0.0, "delta": 0.0}}
{"target": -7.779531005607566, "params": {"x": 2.0002287496346898, "y": -1.1860045642089614}, "datetime": {"datetime": "2022-02-09 12:55:55", "elapsed": 0.000959, "delta": 0.000959}}
{"target": -7.109925819441113, "params": {"x": 2.2175526295255183, "y": -0.7867249801593896}, "datetime": {"datetime": "2022-02-09 12:55:55", "elapsed": 0.023986, "delta": 0.023027}}
{"target": -12.397162416009818, "params": {"x": 3.660003815774634, "y": 0.9608275029525108}, "datetime": {"datetime": "2022-02-09 12:55:55", "elapsed": 0.04509, "delta": 0.021104}}
{"target": -6.999472814518675, "params": {"x": 2.2303920156083024, "y": -0.7392021938893159}, "datetime": {"datetime": "2022-02-09 12:55:55", "elapsed": 0.055076, "delta": 0.009986}}
{"target": -12.4780129010131, "params": {"x": -1.2662205459144347, "y": -2.445968431387213}, "datetime": {"datetime": "2022-02-09 12:55:55", "elapsed": 0.063151, "delta": 0.008075}}
{"target": -3.8540423116243687, "params": {"x": -1.0686989431116456, "y": -0.9266356377417138}, "datetime": {"datetime": "2022-02-09 12:55:55", "elapsed": 0.063151, "delta": 0.0}}
{"target": -1.4194509755761326, "params": {"x": -0.9457309380047114, "y": -0.23492670571044874}, "datetime": {"datetime": "2022-02-09 12:55:55", "elapsed": 0.173257, "delta": 0.110106}}
{"target": 0.5616247382690922, "params": {"x": 0.14658821841206743, "y": 0.35433200795324865}, "datetime": {"datetime": "2022-02-09 12:55:55", "elapsed": 0.253308, "delta": 0.080051}}
{"target": -0.369943523289576, "params": {"x": 0.009738342485497641, "y": 2.170405351993578}, "datetime": {"datetime": "2022-02-09 12:55:55", "elapsed": 0.33331, "delta": 0.080002}}
